<?xml version="1.0" encoding="UTF-8"?>
<testng-results ignored="0" total="4" passed="4" failed="0" skipped="0">
  <reporter-output>
  </reporter-output>
  <suite started-at="2023-04-06T09:21:14 IST" name="Test Cases" finished-at="2023-04-06T09:21:14 IST" duration-ms="126">
    <groups>
    </groups>
    <test started-at="2023-04-06T09:21:14 IST" name="tests" finished-at="2023-04-06T09:21:14 IST" duration-ms="126">
      <class name="com.sgtesting.tests.Users">
        <test-method signature="Metho4()[pri:0, instance:com.sgtesting.tests.Users@61d6015a]" started-at="2023-04-06T09:21:14 IST" name="Metho4" finished-at="2023-04-06T09:21:14 IST" duration-ms="19" status="PASS">
          <reporter-output>
          </reporter-output>
        </test-method> <!-- Metho4 -->
        <test-method signature="Method1()[pri:0, instance:com.sgtesting.tests.Users@61d6015a]" started-at="2023-04-06T09:21:14 IST" name="Method1" finished-at="2023-04-06T09:21:14 IST" duration-ms="2" status="PASS">
          <reporter-output>
          </reporter-output>
        </test-method> <!-- Method1 -->
        <test-method signature="Method2()[pri:0, instance:com.sgtesting.tests.Users@61d6015a]" started-at="2023-04-06T09:21:14 IST" name="Method2" finished-at="2023-04-06T09:21:14 IST" duration-ms="2" status="PASS">
          <reporter-output>
          </reporter-output>
        </test-method> <!-- Method2 -->
        <test-method signature="Method3()[pri:0, instance:com.sgtesting.tests.Users@61d6015a]" started-at="2023-04-06T09:21:14 IST" name="Method3" finished-at="2023-04-06T09:21:14 IST" duration-ms="1" status="PASS">
          <reporter-output>
          </reporter-output>
        </test-method> <!-- Method3 -->
      </class> <!-- com.sgtesting.tests.Users -->
    </test> <!-- tests -->
  </suite> <!-- Test Cases -->
</testng-results>
