<?xml version="1.0" encoding="UTF-8"?>
<!-- Generated by org.testng.reporters.JUnitXMLReporter -->
<testsuite ignored="0" hostname="DESKTOP-BQ2T0SV" failures="0" tests="4" name="tests" time="0.126" errors="0" timestamp="2023-04-06T09:21:14 IST">
  <testcase classname="com.sgtesting.tests.Users" name="Metho4" time="0.019"/>
  <testcase classname="com.sgtesting.tests.Users" name="Method1" time="0.002"/>
  <testcase classname="com.sgtesting.tests.Users" name="Method2" time="0.002"/>
  <testcase classname="com.sgtesting.tests.Users" name="Method3" time="0.001"/>
</testsuite> <!-- tests -->
